OpenJDK 64-Bit Server VM warning: Options -Xverify:none and -noverify were deprecated in JDK 13 and will likely be removed in a future release.
16:59:30.639 [main] INFO com.example.demo.SareetaApplication - This is a test event
16:59:30.653 [main] ERROR com.example.demo.SareetaApplication - This is a test error

  .   ____          _            __ _ _
 /\\ / ___'_ __ _ _(_)_ __  __ _ \ \ \ \
( ( )\___ | '_ | '_| | '_ \/ _` | \ \ \ \
 \\/  ___)| |_)| | | | | || (_| |  ) ) ) )
  '  |____| .__|_| |_|_| |_\__, | / / / /
 =========|_|==============|___/=/_/_/_/
 :: Spring Boot ::        (v2.1.5.RELEASE)

2020-07-30 16:59:31.621  INFO 55294 --- [           main] com.example.demo.SareetaApplication      : Starting SareetaApplication on kelseys-comp-2.lan with PID 55294 (started by kelsey in /Users/kelsey/Spring Projects/Udacity JDND/eCommerce/JDND/projects/P04-eCommerce Application/starter_code)
2020-07-30 16:59:31.624  INFO 55294 --- [           main] com.example.demo.SareetaApplication      : No active profile set, falling back to default profiles: default
2020-07-30 16:59:33.001  INFO 55294 --- [           main] .s.d.r.c.RepositoryConfigurationDelegate : Bootstrapping Spring Data repositories in DEFAULT mode.
2020-07-30 16:59:33.128  INFO 55294 --- [           main] .s.d.r.c.RepositoryConfigurationDelegate : Finished Spring Data repository scanning in 109ms. Found 4 repository interfaces.
2020-07-30 16:59:33.858  INFO 55294 --- [           main] trationDelegate$BeanPostProcessorChecker : Bean 'org.springframework.transaction.annotation.ProxyTransactionManagementConfiguration' of type [org.springframework.transaction.annotation.ProxyTransactionManagementConfiguration$$EnhancerBySpringCGLIB$$8ec953] is not eligible for getting processed by all BeanPostProcessors (for example: not eligible for auto-proxying)
2020-07-30 16:59:34.176  INFO 55294 --- [           main] o.s.b.w.embedded.tomcat.TomcatWebServer  : Tomcat initialized with port(s): 8080 (http)
2020-07-30 16:59:34.215  INFO 55294 --- [           main] o.apache.catalina.core.StandardService   : Starting service [Tomcat]
2020-07-30 16:59:34.215  INFO 55294 --- [           main] org.apache.catalina.core.StandardEngine  : Starting Servlet engine: [Apache Tomcat/9.0.19]
2020-07-30 16:59:34.360  INFO 55294 --- [           main] o.a.c.c.C.[Tomcat].[localhost].[/]       : Initializing Spring embedded WebApplicationContext
2020-07-30 16:59:34.360  INFO 55294 --- [           main] o.s.web.context.ContextLoader            : Root WebApplicationContext: initialization completed in 2617 ms
2020-07-30 16:59:34.598  INFO 55294 --- [           main] com.zaxxer.hikari.HikariDataSource       : HikariPool-1 - Starting...
2020-07-30 16:59:34.779  INFO 55294 --- [           main] com.zaxxer.hikari.HikariDataSource       : HikariPool-1 - Start completed.
2020-07-30 16:59:34.857  INFO 55294 --- [           main] o.hibernate.jpa.internal.util.LogHelper  : HHH000204: Processing PersistenceUnitInfo [
	name: default
	...]
2020-07-30 16:59:34.965  INFO 55294 --- [           main] org.hibernate.Version                    : HHH000412: Hibernate Core {5.3.10.Final}
2020-07-30 16:59:34.967  INFO 55294 --- [           main] org.hibernate.cfg.Environment            : HHH000206: hibernate.properties not found
2020-07-30 16:59:35.167  INFO 55294 --- [           main] o.hibernate.annotations.common.Version   : HCANN000001: Hibernate Commons Annotations {5.0.4.Final}
2020-07-30 16:59:35.348  INFO 55294 --- [           main] org.hibernate.dialect.Dialect            : HHH000400: Using dialect: org.hibernate.dialect.H2Dialect
2020-07-30 16:59:36.395  INFO 55294 --- [           main] j.LocalContainerEntityManagerFactoryBean : Initialized JPA EntityManagerFactory for persistence unit 'default'
2020-07-30 16:59:37.200  INFO 55294 --- [           main] o.s.s.web.DefaultSecurityFilterChain     : Creating filter chain: any request, [org.springframework.security.web.context.request.async.WebAsyncManagerIntegrationFilter@29ba63f0, org.springframework.security.web.context.SecurityContextPersistenceFilter@1dcad16f, org.springframework.security.web.header.HeaderWriterFilter@6a116354, org.springframework.web.filter.CorsFilter@4822ab4d, org.springframework.security.web.authentication.logout.LogoutFilter@1987807b, com.example.demo.security.JWTAuthenticationFilter@516b84d1, com.example.demo.security.JWTAuthenticationVerificationFilter@1ad1f167, org.springframework.security.web.savedrequest.RequestCacheAwareFilter@4738131e, org.springframework.security.web.servletapi.SecurityContextHolderAwareRequestFilter@1a77eb6, org.springframework.security.web.authentication.AnonymousAuthenticationFilter@608eb42e, org.springframework.security.web.session.SessionManagementFilter@34e07e65, org.springframework.security.web.access.ExceptionTranslationFilter@4682882a, org.springframework.security.web.access.intercept.FilterSecurityInterceptor@511d568f]
2020-07-30 16:59:37.397  INFO 55294 --- [           main] o.s.s.concurrent.ThreadPoolTaskExecutor  : Initializing ExecutorService 'applicationTaskExecutor'
2020-07-30 16:59:37.449  WARN 55294 --- [           main] aWebConfiguration$JpaWebMvcConfiguration : spring.jpa.open-in-view is enabled by default. Therefore, database queries may be performed during view rendering. Explicitly configure spring.jpa.open-in-view to disable this warning
2020-07-30 16:59:37.790  INFO 55294 --- [           main] o.s.b.w.embedded.tomcat.TomcatWebServer  : Tomcat started on port(s): 8080 (http) with context path ''
2020-07-30 16:59:37.795  INFO 55294 --- [           main] com.example.demo.SareetaApplication      : Started SareetaApplication in 6.854 seconds (JVM running for 8.532)
2020-07-30 17:00:04.644  INFO 55294 --- [nio-8080-exec-2] o.a.c.c.C.[Tomcat].[localhost].[/]       : Initializing Spring DispatcherServlet 'dispatcherServlet'
2020-07-30 17:00:04.645  INFO 55294 --- [nio-8080-exec-2] o.s.web.servlet.DispatcherServlet        : Initializing Servlet 'dispatcherServlet'
2020-07-30 17:00:04.666  INFO 55294 --- [nio-8080-exec-2] o.s.web.servlet.DispatcherServlet        : Completed initialization in 21 ms
2020-07-30 17:00:04.893  INFO 55294 --- [nio-8080-exec-2] c.e.demo.controllers.UserController      : Creating user Kelsey
2020-07-30 17:00:05.187  INFO 55294 --- [nio-8080-exec-2] c.e.demo.controllers.UserController      : User Kelsey created successfully
2020-07-30 17:00:19.512  INFO 55294 --- [nio-8080-exec-3] o.h.h.i.QueryTranslatorFactoryInitiator  : HHH000397: Using ASTQueryTranslatorFactory
2020-07-30 17:00:40.407  INFO 55294 --- [nio-8080-exec-4] c.e.demo.controllers.CartController      : Adding modifications to cart for user Kelsey
2020-07-30 17:00:40.491  INFO 55294 --- [nio-8080-exec-4] c.e.demo.controllers.CartController      : Modifications added to cart successfully for user Kelsey
2020-07-30 17:00:54.270  INFO 55294 --- [nio-8080-exec-5] c.e.demo.controllers.CartController      : Adding modifications to cart for user Kelsey
2020-07-30 17:00:54.287  INFO 55294 --- [nio-8080-exec-5] c.e.demo.controllers.CartController      : Modifications added to cart successfully for user Kelsey
2020-07-30 17:01:48.823  INFO 55294 --- [nio-8080-exec-8] c.e.demo.controllers.CartController      : Removing modifications from cart for user Kelsey
2020-07-30 17:01:48.836  INFO 55294 --- [nio-8080-exec-8] c.e.demo.controllers.CartController      : Modifications removed from cart successfully for user Kelsey
2020-07-30 17:04:11.852  INFO 55294 --- [nio-8080-exec-2] c.e.demo.controllers.UserController      : Creating user Darren
2020-07-30 17:04:11.884 ERROR 55294 --- [nio-8080-exec-2] c.e.demo.controllers.UserController      : Error with user password. Cannot create user Darren
2020-07-30 17:05:12.682  INFO 55294 --- [nio-8080-exec-4] c.e.demo.controllers.OrderController     : Submitting order for user Kelseyy
2020-07-30 17:05:12.701 ERROR 55294 --- [nio-8080-exec-4] c.e.demo.controllers.OrderController     : User Kelseyy not found. Cannot submit order.
2020-07-30 17:06:16.711  INFO 55294 --- [nio-8080-exec-8] c.e.demo.controllers.OrderController     : Submitting order for user Kelsey
2020-07-30 17:06:16.930  INFO 55294 --- [nio-8080-exec-8] c.e.demo.controllers.OrderController     : Order for user Kelsey submitted successfully.
2020-07-30 17:06:35.385  INFO 55294 --- [nio-8080-exec-9] c.e.demo.controllers.OrderController     : Getting order history for user Kelsey
2020-07-30 17:06:46.139  INFO 55294 --- [io-8080-exec-10] c.e.demo.controllers.OrderController     : Getting order history for user Kelseyy
2020-07-30 17:06:46.141 ERROR 55294 --- [io-8080-exec-10] c.e.demo.controllers.OrderController     : User Kelseyy not found. Cannot submit order.
2020-07-30 17:07:53.150  INFO 55294 --- [nio-8080-exec-3] c.e.demo.controllers.CartController      : Adding modifications to cart for user Kelsey
2020-07-30 17:07:53.172  INFO 55294 --- [nio-8080-exec-3] c.e.demo.controllers.CartController      : Modifications added to cart successfully for user Kelsey
2020-07-30 17:08:02.850  INFO 55294 --- [nio-8080-exec-5] c.e.demo.controllers.CartController      : Adding modifications to cart for user Kelseyy
2020-07-30 17:08:02.851 ERROR 55294 --- [nio-8080-exec-5] c.e.demo.controllers.CartController      : User Kelseyy not found. Cannot add modifications.
2020-07-30 17:08:19.419  INFO 55294 --- [nio-8080-exec-4] c.e.demo.controllers.CartController      : Adding modifications to cart for user Kelsey
2020-07-30 17:08:19.425 ERROR 55294 --- [nio-8080-exec-4] c.e.demo.controllers.CartController      : Item 3 not found. Cannot add modifications.
2020-07-30 17:08:38.219  INFO 55294 --- [nio-8080-exec-6] c.e.demo.controllers.CartController      : Removing modifications from cart for user Kelsey
2020-07-30 17:08:38.231  INFO 55294 --- [nio-8080-exec-6] c.e.demo.controllers.CartController      : Modifications removed from cart successfully for user Kelsey
2020-07-30 17:08:56.917  INFO 55294 --- [nio-8080-exec-7] c.e.demo.controllers.CartController      : Removing modifications from cart for user Kelsey
2020-07-30 17:08:56.933 ERROR 55294 --- [nio-8080-exec-7] c.e.demo.controllers.CartController      : Item 3 not found. Cannot remove modifications.
2020-07-30 17:09:05.023  INFO 55294 --- [nio-8080-exec-8] c.e.demo.controllers.CartController      : Removing modifications from cart for user Kelseyy
2020-07-30 17:09:05.026 ERROR 55294 --- [nio-8080-exec-8] c.e.demo.controllers.CartController      : User Kelseyy not found. Cannot remove modifications.
2020-07-30 17:09:36.459  INFO 55294 --- [       Thread-3] o.s.s.concurrent.ThreadPoolTaskExecutor  : Shutting down ExecutorService 'applicationTaskExecutor'
2020-07-30 17:09:36.471  INFO 55294 --- [       Thread-3] j.LocalContainerEntityManagerFactoryBean : Closing JPA EntityManagerFactory for persistence unit 'default'
2020-07-30 17:09:36.525  INFO 55294 --- [       Thread-3] com.zaxxer.hikari.HikariDataSource       : HikariPool-1 - Shutdown initiated...
2020-07-30 17:09:36.543  INFO 55294 --- [       Thread-3] com.zaxxer.hikari.HikariDataSource       : HikariPool-1 - Shutdown completed.
